  [1m[36m (2.9ms)[0m  [1mCREATE TABLE "schema_migrations" ("version" character varying(255) NOT NULL) [0m
  [1m[35m (31.3ms)[0m  CREATE UNIQUE INDEX "unique_schema_migrations" ON "schema_migrations" ("version")
  [1m[36mActiveRecord::SchemaMigration Load (0.5ms)[0m  [1mSELECT "schema_migrations".* FROM "schema_migrations"[0m
Migrating to CreateSaisons (20160718181856)
  [1m[35m (0.1ms)[0m  BEGIN
  [1m[36m (9.9ms)[0m  [1mCREATE TABLE "saisons" ("id" serial primary key, "annee" character varying(255), "ligue" character varying(255), "sport" character varying(255), "created_at" timestamp, "updated_at" timestamp) [0m
  [1m[35mSQL (1.8ms)[0m  INSERT INTO "schema_migrations" ("version") VALUES ($1)  [["version", "20160718181856"]]
  [1m[36m (3.7ms)[0m  [1mCOMMIT[0m
  [1m[35mActiveRecord::SchemaMigration Load (0.4ms)[0m  SELECT "schema_migrations".* FROM "schema_migrations"


Started GET "/" for 127.0.0.1 at 2016-07-18 14:22:29 -0400
  [1m[36mActiveRecord::SchemaMigration Load (0.5ms)[0m  [1mSELECT "schema_migrations".* FROM "schema_migrations"[0m
Processing by Rails::WelcomeController#index as HTML
  Rendered /home/rick/.rvm/gems/ruby-2.0.0-p645/gems/railties-4.0.0/lib/rails/templates/rails/welcome/index.html.erb (2.2ms)
Completed 200 OK in 27ms (Views: 15.5ms | ActiveRecord: 0.0ms)


Started GET "/saisons/list" for 127.0.0.1 at 2016-07-18 14:22:56 -0400

ActionController::RoutingError (No route matches [GET] "/saisons/list"):
  actionpack (4.0.0) lib/action_dispatch/middleware/debug_exceptions.rb:21:in `call'
  actionpack (4.0.0) lib/action_dispatch/middleware/show_exceptions.rb:30:in `call'
  railties (4.0.0) lib/rails/rack/logger.rb:38:in `call_app'
  railties (4.0.0) lib/rails/rack/logger.rb:21:in `block in call'
  activesupport (4.0.0) lib/active_support/tagged_logging.rb:67:in `block in tagged'
  activesupport (4.0.0) lib/active_support/tagged_logging.rb:25:in `tagged'
  activesupport (4.0.0) lib/active_support/tagged_logging.rb:67:in `tagged'
  railties (4.0.0) lib/rails/rack/logger.rb:21:in `call'
  actionpack (4.0.0) lib/action_dispatch/middleware/request_id.rb:21:in `call'
  rack (1.5.5) lib/rack/methodoverride.rb:21:in `call'
  rack (1.5.5) lib/rack/runtime.rb:17:in `call'
  activesupport (4.0.0) lib/active_support/cache/strategy/local_cache.rb:83:in `call'
  rack (1.5.5) lib/rack/lock.rb:17:in `call'
  actionpack (4.0.0) lib/action_dispatch/middleware/static.rb:64:in `call'
  railties (4.0.0) lib/rails/engine.rb:511:in `call'
  railties (4.0.0) lib/rails/application.rb:97:in `call'
  puma (2.15.3) lib/puma/commonlogger.rb:31:in `call'
  puma (2.15.3) lib/puma/configuration.rb:79:in `call'
  puma (2.15.3) lib/puma/server.rb:541:in `handle_request'
  puma (2.15.3) lib/puma/server.rb:388:in `process_client'
  puma (2.15.3) lib/puma/server.rb:270:in `block in run'
  puma (2.15.3) lib/puma/thread_pool.rb:106:in `call'
  puma (2.15.3) lib/puma/thread_pool.rb:106:in `block in spawn_thread'


  Rendered /home/rick/.rvm/gems/ruby-2.0.0-p645/gems/actionpack-4.0.0/lib/action_dispatch/middleware/templates/rescues/_trace.erb (1.1ms)
  Rendered /home/rick/.rvm/gems/ruby-2.0.0-p645/gems/actionpack-4.0.0/lib/action_dispatch/middleware/templates/routes/_table.html.erb (9.6ms)
  Rendered /home/rick/.rvm/gems/ruby-2.0.0-p645/gems/actionpack-4.0.0/lib/action_dispatch/middleware/templates/rescues/routing_error.erb within rescues/layout (23.5ms)


Started GET "/saison/list" for 127.0.0.1 at 2016-07-18 14:23:05 -0400

ActionController::RoutingError (No route matches [GET] "/saison/list"):
  actionpack (4.0.0) lib/action_dispatch/middleware/debug_exceptions.rb:21:in `call'
  actionpack (4.0.0) lib/action_dispatch/middleware/show_exceptions.rb:30:in `call'
  railties (4.0.0) lib/rails/rack/logger.rb:38:in `call_app'
  railties (4.0.0) lib/rails/rack/logger.rb:21:in `block in call'
  activesupport (4.0.0) lib/active_support/tagged_logging.rb:67:in `block in tagged'
  activesupport (4.0.0) lib/active_support/tagged_logging.rb:25:in `tagged'
  activesupport (4.0.0) lib/active_support/tagged_logging.rb:67:in `tagged'
  railties (4.0.0) lib/rails/rack/logger.rb:21:in `call'
  actionpack (4.0.0) lib/action_dispatch/middleware/request_id.rb:21:in `call'
  rack (1.5.5) lib/rack/methodoverride.rb:21:in `call'
  rack (1.5.5) lib/rack/runtime.rb:17:in `call'
  activesupport (4.0.0) lib/active_support/cache/strategy/local_cache.rb:83:in `call'
  rack (1.5.5) lib/rack/lock.rb:17:in `call'
  actionpack (4.0.0) lib/action_dispatch/middleware/static.rb:64:in `call'
  railties (4.0.0) lib/rails/engine.rb:511:in `call'
  railties (4.0.0) lib/rails/application.rb:97:in `call'
  puma (2.15.3) lib/puma/commonlogger.rb:31:in `call'
  puma (2.15.3) lib/puma/configuration.rb:79:in `call'
  puma (2.15.3) lib/puma/server.rb:541:in `handle_request'
  puma (2.15.3) lib/puma/server.rb:388:in `process_client'
  puma (2.15.3) lib/puma/server.rb:270:in `block in run'
  puma (2.15.3) lib/puma/thread_pool.rb:106:in `call'
  puma (2.15.3) lib/puma/thread_pool.rb:106:in `block in spawn_thread'


  Rendered /home/rick/.rvm/gems/ruby-2.0.0-p645/gems/actionpack-4.0.0/lib/action_dispatch/middleware/templates/rescues/_trace.erb (1.1ms)
  Rendered /home/rick/.rvm/gems/ruby-2.0.0-p645/gems/actionpack-4.0.0/lib/action_dispatch/middleware/templates/routes/_table.html.erb (1.1ms)
  Rendered /home/rick/.rvm/gems/ruby-2.0.0-p645/gems/actionpack-4.0.0/lib/action_dispatch/middleware/templates/rescues/routing_error.erb within rescues/layout (9.4ms)


Started GET "/saisons" for 127.0.0.1 at 2016-07-18 14:23:12 -0400

ActionController::RoutingError (No route matches [GET] "/saisons"):
  actionpack (4.0.0) lib/action_dispatch/middleware/debug_exceptions.rb:21:in `call'
  actionpack (4.0.0) lib/action_dispatch/middleware/show_exceptions.rb:30:in `call'
  railties (4.0.0) lib/rails/rack/logger.rb:38:in `call_app'
  railties (4.0.0) lib/rails/rack/logger.rb:21:in `block in call'
  activesupport (4.0.0) lib/active_support/tagged_logging.rb:67:in `block in tagged'
  activesupport (4.0.0) lib/active_support/tagged_logging.rb:25:in `tagged'
  activesupport (4.0.0) lib/active_support/tagged_logging.rb:67:in `tagged'
  railties (4.0.0) lib/rails/rack/logger.rb:21:in `call'
  actionpack (4.0.0) lib/action_dispatch/middleware/request_id.rb:21:in `call'
  rack (1.5.5) lib/rack/methodoverride.rb:21:in `call'
  rack (1.5.5) lib/rack/runtime.rb:17:in `call'
  activesupport (4.0.0) lib/active_support/cache/strategy/local_cache.rb:83:in `call'
  rack (1.5.5) lib/rack/lock.rb:17:in `call'
  actionpack (4.0.0) lib/action_dispatch/middleware/static.rb:64:in `call'
  railties (4.0.0) lib/rails/engine.rb:511:in `call'
  railties (4.0.0) lib/rails/application.rb:97:in `call'
  puma (2.15.3) lib/puma/commonlogger.rb:31:in `call'
  puma (2.15.3) lib/puma/configuration.rb:79:in `call'
  puma (2.15.3) lib/puma/server.rb:541:in `handle_request'
  puma (2.15.3) lib/puma/server.rb:388:in `process_client'
  puma (2.15.3) lib/puma/server.rb:270:in `block in run'
  puma (2.15.3) lib/puma/thread_pool.rb:106:in `call'
  puma (2.15.3) lib/puma/thread_pool.rb:106:in `block in spawn_thread'


  Rendered /home/rick/.rvm/gems/ruby-2.0.0-p645/gems/actionpack-4.0.0/lib/action_dispatch/middleware/templates/rescues/_trace.erb (1.0ms)
  Rendered /home/rick/.rvm/gems/ruby-2.0.0-p645/gems/actionpack-4.0.0/lib/action_dispatch/middleware/templates/routes/_table.html.erb (1.1ms)
  Rendered /home/rick/.rvm/gems/ruby-2.0.0-p645/gems/actionpack-4.0.0/lib/action_dispatch/middleware/templates/rescues/routing_error.erb within rescues/layout (9.3ms)
  [1m[36mActiveRecord::SchemaMigration Load (0.3ms)[0m  [1mSELECT "schema_migrations".* FROM "schema_migrations"[0m
Migrating to CreateSaisons (20160718182859)
  [1m[35m (0.2ms)[0m  BEGIN
  [1m[36m (3.6ms)[0m  [1mCREATE TABLE "saisons" ("id" serial primary key, "annee" character varying(255), "ligue" character varying(255), "sport" character varying(255), "created_at" timestamp, "updated_at" timestamp) [0m
PG::DuplicateTable: ERROR:  relation "saisons" already exists
: CREATE TABLE "saisons" ("id" serial primary key, "annee" character varying(255), "ligue" character varying(255), "sport" character varying(255), "created_at" timestamp, "updated_at" timestamp) 
  [1m[35m (0.4ms)[0m  ROLLBACK
  [1m[36mActiveRecord::SchemaMigration Load (0.3ms)[0m  [1mSELECT "schema_migrations".* FROM "schema_migrations"[0m
Migrating to CreateSaisons (20160718182859)
  [1m[35m (0.1ms)[0m  BEGIN
  [1m[36m (5.8ms)[0m  [1mCREATE TABLE "saisons" ("id" serial primary key, "annee" character varying(255), "ligue" character varying(255), "sport" character varying(255), "created_at" timestamp, "updated_at" timestamp) [0m
  [1m[35mSQL (0.6ms)[0m  INSERT INTO "schema_migrations" ("version") VALUES ($1)  [["version", "20160718182859"]]
  [1m[36m (1.3ms)[0m  [1mCOMMIT[0m
  [1m[35mActiveRecord::SchemaMigration Load (0.1ms)[0m  SELECT "schema_migrations".* FROM "schema_migrations"


Started GET "/saisons" for 127.0.0.1 at 2016-07-18 14:32:56 -0400
  [1m[36mActiveRecord::SchemaMigration Load (0.4ms)[0m  [1mSELECT "schema_migrations".* FROM "schema_migrations"[0m
Processing by SaisonsController#index as HTML
  [1m[35mSaison Load (0.4ms)[0m  SELECT "saisons".* FROM "saisons"
  Rendered saisons/index.html.erb within layouts/application (2.8ms)
Completed 200 OK in 580ms (Views: 568.2ms | ActiveRecord: 0.4ms)


Started GET "/assets/application.css?body=1" for 127.0.0.1 at 2016-07-18 14:32:57 -0400


Started GET "/assets/saisons.css?body=1" for 127.0.0.1 at 2016-07-18 14:32:57 -0400


Started GET "/assets/saisons.js?body=1" for 127.0.0.1 at 2016-07-18 14:32:57 -0400


Started GET "/assets/application.js?body=1" for 127.0.0.1 at 2016-07-18 14:32:57 -0400


Started GET "/assets/scaffolds.css?body=1" for 127.0.0.1 at 2016-07-18 14:32:57 -0400


Started GET "/assets/jquery.js?body=1" for 127.0.0.1 at 2016-07-18 14:32:57 -0400


Started GET "/assets/jquery_ujs.js?body=1" for 127.0.0.1 at 2016-07-18 14:32:57 -0400


Started GET "/assets/turbolinks.js?body=1" for 127.0.0.1 at 2016-07-18 14:32:57 -0400


Started GET "/saisons/new" for 127.0.0.1 at 2016-07-18 14:33:08 -0400
Processing by SaisonsController#new as HTML
  Rendered saisons/_form.html.erb (98.3ms)
  Rendered saisons/new.html.erb within layouts/application (103.7ms)
Completed 200 OK in 112ms (Views: 108.2ms | ActiveRecord: 1.5ms)


Started POST "/saisons" for 127.0.0.1 at 2016-07-18 14:33:23 -0400
Processing by SaisonsController#create as HTML
  Parameters: {"utf8"=>"✓", "authenticity_token"=>"XQ5X4u6SeBcn/LMjLIbOQr/BJyv8DUOCvEz9h15mBjo=", "saison"=>{"annee"=>"2016-2017", "ligue"=>"LHPS", "sport"=>"Hockey"}, "commit"=>"Create Saison"}
  [1m[36m (0.3ms)[0m  [1mBEGIN[0m
  [1m[35mSQL (17.5ms)[0m  INSERT INTO "saisons" ("annee", "created_at", "ligue", "sport", "updated_at") VALUES ($1, $2, $3, $4, $5) RETURNING "id"  [["annee", "2016-2017"], ["created_at", Mon, 18 Jul 2016 18:33:23 UTC +00:00], ["ligue", "LHPS"], ["sport", "Hockey"], ["updated_at", Mon, 18 Jul 2016 18:33:23 UTC +00:00]]
  [1m[36m (1.2ms)[0m  [1mCOMMIT[0m
Redirected to http://localhost:5000/saisons/1
Completed 302 Found in 24ms (ActiveRecord: 19.4ms)


Started GET "/saisons/1" for 127.0.0.1 at 2016-07-18 14:33:23 -0400
Processing by SaisonsController#show as HTML
  Parameters: {"id"=>"1"}
  [1m[35mSaison Load (0.7ms)[0m  SELECT "saisons".* FROM "saisons" WHERE "saisons"."id" = $1 LIMIT 1  [["id", "1"]]
  Rendered saisons/show.html.erb within layouts/application (2.1ms)
Completed 200 OK in 13ms (Views: 9.5ms | ActiveRecord: 0.7ms)


Started GET "/assets/saisons.css?body=1" for 127.0.0.1 at 2016-07-18 14:33:23 -0400


Started GET "/assets/scaffolds.css?body=1" for 127.0.0.1 at 2016-07-18 14:33:23 -0400


Started GET "/assets/saisons.js?body=1" for 127.0.0.1 at 2016-07-18 14:33:23 -0400


Started GET "/saisons" for 127.0.0.1 at 2016-07-18 14:33:25 -0400
Processing by SaisonsController#index as HTML
  [1m[36mSaison Load (0.4ms)[0m  [1mSELECT "saisons".* FROM "saisons"[0m
  Rendered saisons/index.html.erb within layouts/application (2.2ms)
Completed 200 OK in 7ms (Views: 6.2ms | ActiveRecord: 0.4ms)
